<?xml version="1.0" encoding="UTF-8"?>
<!-- Generated by org.testng.reporters.JUnitReportReporter -->
<testsuite skipped="1" hostname="PREM-OPTIMUS" name="pack1.RadioButton1" tests="2" failures="0" timestamp="20 Apr 2024 03:09:03 GMT" time="4.027" errors="1">
  <testcase name="beforeMethod" time="4.027" classname="pack1.RadioButton1">
    <error type="org.openqa.selenium.remote.http.ConnectionFailedException" message="Unable to establish websocket connection to http://localhost:61995/devtools/browser/fe26c1f1-75bf-4de0-aae5-68952e45a6af
Build info: version: &#039;4.1.0&#039;, revision: &#039;87802e897b&#039;
System info: host: &#039;PREM-OPTIMUS&#039;, ip: &#039;192.168.1.101&#039;, os.name: &#039;Windows 10&#039;, os.arch: &#039;x86&#039;, os.version: &#039;10.0&#039;, java.version: &#039;1.8.0_311&#039;
Driver info: driver.version: ChromeDriver">
      <![CDATA[org.openqa.selenium.remote.http.ConnectionFailedException: Unable to establish websocket connection to http://localhost:61995/devtools/browser/fe26c1f1-75bf-4de0-aae5-68952e45a6afBuild info: version: '4.1.0', revision: '87802e897b'System info: host: 'PREM-OPTIMUS', ip: '192.168.1.101', os.name: 'Windows 10', os.arch: 'x86', os.version: '10.0', java.version: '1.8.0_311'Driver info: driver.version: ChromeDriverat org.openqa.selenium.remote.http.netty.NettyWebSocket.<init>(NettyWebSocket.java:104)at org.openqa.selenium.remote.http.netty.NettyWebSocket.lambda$create$3(NettyWebSocket.java:137)at org.openqa.selenium.remote.http.netty.NettyClient.openSocket(NettyClient.java:116)at org.openqa.selenium.devtools.Connection.<init>(Connection.java:77)at org.openqa.selenium.chromium.ChromiumDriver.lambda$new$2(ChromiumDriver.java:124)at java.util.Optional.map(Optional.java:215)at org.openqa.selenium.chromium.ChromiumDriver.<init>(ChromiumDriver.java:122)at org.openqa.selenium.chrome.ChromeDriver.<init>(ChromeDriver.java:104)at org.openqa.selenium.chrome.ChromeDriver.<init>(ChromeDriver.java:91)at org.openqa.selenium.chrome.ChromeDriver.<init>(ChromeDriver.java:46)at pack1.BaseTest.launch(BaseTest.java:87)at pack1.RadioButton1.beforeMethod(RadioButton1.java:29)at sun.reflect.NativeMethodAccessorImpl.invoke0(Native Method)at sun.reflect.NativeMethodAccessorImpl.invoke(NativeMethodAccessorImpl.java:62)at sun.reflect.DelegatingMethodAccessorImpl.invoke(DelegatingMethodAccessorImpl.java:43)at java.lang.reflect.Method.invoke(Method.java:498)at org.testng.internal.MethodInvocationHelper.invokeMethod(MethodInvocationHelper.java:124)at org.testng.internal.MethodInvocationHelper.invokeMethodConsideringTimeout(MethodInvocationHelper.java:59)at org.testng.internal.Invoker.invokeConfigurationMethod(Invoker.java:451)at org.testng.internal.Invoker.invokeConfigurations(Invoker.java:222)at org.testng.internal.Invoker.invokeMethod(Invoker.java:516)at org.testng.internal.Invoker.invokeTestMethod(Invoker.java:707)at org.testng.internal.Invoker.invokeTestMethods(Invoker.java:979)at org.testng.internal.TestMethodWorker.invokeTestMethods(TestMethodWorker.java:125)at org.testng.internal.TestMethodWorker.run(TestMethodWorker.java:109)at org.testng.TestRunner.privateRun(TestRunner.java:648)at org.testng.TestRunner.run(TestRunner.java:505)at org.testng.SuiteRunner.runTest(SuiteRunner.java:455)at org.testng.SuiteRunner.runSequentially(SuiteRunner.java:450)at org.testng.SuiteRunner.privateRun(SuiteRunner.java:415)at org.testng.SuiteRunner.run(SuiteRunner.java:364)at org.testng.SuiteRunnerWorker.runSuite(SuiteRunnerWorker.java:52)at org.testng.SuiteRunnerWorker.run(SuiteRunnerWorker.java:84)at org.testng.TestNG.runSuitesSequentially(TestNG.java:1187)at org.testng.TestNG.runSuitesLocally(TestNG.java:1116)at org.testng.TestNG.runSuites(TestNG.java:1028)at org.testng.TestNG.run(TestNG.java:996)at org.testng.remote.AbstractRemoteTestNG.run(AbstractRemoteTestNG.java:114)at org.testng.remote.RemoteTestNG.initAndRun(RemoteTestNG.java:251)at org.testng.remote.RemoteTestNG.main(RemoteTestNG.java:77)]]>
    </error>
  </testcase> <!-- beforeMethod -->
  <testcase name="radioButtonTest" time="0.000" classname="pack1.RadioButton1">
    <skipped/>
  </testcase> <!-- radioButtonTest -->
</testsuite> <!-- pack1.RadioButton1 -->
