<?xml version="1.0" encoding="UTF-8"?>
<!-- Generated by org.testng.reporters.JUnitXMLReporter -->
<testsuite hostname="PREM-OPTIMUS" ignored="3" name="Test" tests="1" failures="0" timestamp="20 Apr 2024 03:09:03 GMT" time="4.12" errors="0">
  <testcase name="@BeforeMethod beforeMethod" time="4.027" classname="pack1.RadioButton1">
    <failure type="org.openqa.selenium.remote.http.ConnectionFailedException" message="Unable to establish websocket connection to http://localhost:61995/devtools/browser/fe26c1f1-75bf-4de0-aae5-68952e45a6af
Build info: version: &amp;apos;4.1.0&amp;apos;, revision: &amp;apos;87802e897b&amp;apos;
System info: host: &amp;apos;PREM-OPTIMUS&amp;apos;, ip: &amp;apos;192.168.1.101&amp;apos;, os.name: &amp;apos;Windows 10&amp;apos;, os.arch: &amp;apos;x86&amp;apos;, os.version: &amp;apos;10.0&amp;apos;, java.version: &amp;apos;1.8.0_311&amp;apos;
Driver info: driver.version: ChromeDriver">
      <![CDATA[org.openqa.selenium.remote.http.ConnectionFailedException: Unable to establish websocket connection to http://localhost:61995/devtools/browser/fe26c1f1-75bf-4de0-aae5-68952e45a6afBuild info: version: '4.1.0', revision: '87802e897b'System info: host: 'PREM-OPTIMUS', ip: '192.168.1.101', os.name: 'Windows 10', os.arch: 'x86', os.version: '10.0', java.version: '1.8.0_311'Driver info: driver.version: ChromeDriverat org.openqa.selenium.remote.http.netty.NettyWebSocket.<init>(NettyWebSocket.java:104)at org.openqa.selenium.remote.http.netty.NettyWebSocket.lambda$create$3(NettyWebSocket.java:137)at org.openqa.selenium.remote.http.netty.NettyClient.openSocket(NettyClient.java:116)at org.openqa.selenium.devtools.Connection.<init>(Connection.java:77)at org.openqa.selenium.chromium.ChromiumDriver.lambda$new$2(ChromiumDriver.java:124)at java.util.Optional.map(Optional.java:215)at org.openqa.selenium.chromium.ChromiumDriver.<init>(ChromiumDriver.java:122)at org.openqa.selenium.chrome.ChromeDriver.<init>(ChromeDriver.java:104)at org.openqa.selenium.chrome.ChromeDriver.<init>(ChromeDriver.java:91)at org.openqa.selenium.chrome.ChromeDriver.<init>(ChromeDriver.java:46)at pack1.BaseTest.launch(BaseTest.java:87)at pack1.RadioButton1.beforeMethod(RadioButton1.java:29)... Removed 28 stack frames]]>
    </failure>
  </testcase> <!-- @BeforeMethod beforeMethod -->
  <testcase name="@AfterMethod afterMethod" time="0.0" classname="pack1.RadioButton1">
    <skipped/>
  </testcase> <!-- @AfterMethod afterMethod -->
  <testcase name="radioButtonTest" time="0.0" classname="pack1.RadioButton1">
    <skipped/>
  </testcase> <!-- radioButtonTest -->
  <testcase name="checkboxTest" time="0.0" classname="pack1.CheckBox1">
    <ignored/>
  </testcase> <!-- checkboxTest -->
  <testcase name="linktesting1" time="0.0" classname="pack1.LinksTesting1">
    <ignored/>
  </testcase> <!-- linktesting1 -->
  <testcase name="amazon" time="0.0" classname="pack1.TNG_001">
    <ignored/>
  </testcase> <!-- amazon -->
</testsuite> <!-- Test -->
