<?xml version="1.0" encoding="UTF-8"?>
<!-- Generated by org.testng.reporters.JUnitXMLReporter -->
<testsuite hostname="PREM-OPTIMUS" ignored="0" name="ChromeTest" tests="4" failures="0" timestamp="19 Apr 2024 14:41:32 GMT" time="12.943" errors="0">
  <testcase name="@BeforeMethod beforeMethod" time="9.348" classname="pack1.CheckBox1">
    <failure type="org.openqa.selenium.remote.http.ConnectionFailedException" message="Unable to establish websocket connection to http://localhost:59620/devtools/browser/cfd75563-2540-4f67-8a30-e97fd44853d7
Build info: version: &amp;apos;4.1.0&amp;apos;, revision: &amp;apos;87802e897b&amp;apos;
System info: host: &amp;apos;PREM-OPTIMUS&amp;apos;, ip: &amp;apos;192.168.1.101&amp;apos;, os.name: &amp;apos;Windows 10&amp;apos;, os.arch: &amp;apos;x86&amp;apos;, os.version: &amp;apos;10.0&amp;apos;, java.version: &amp;apos;1.8.0_311&amp;apos;
Driver info: driver.version: ChromeDriver">
      <![CDATA[org.openqa.selenium.remote.http.ConnectionFailedException: Unable to establish websocket connection to http://localhost:59620/devtools/browser/cfd75563-2540-4f67-8a30-e97fd44853d7Build info: version: '4.1.0', revision: '87802e897b'System info: host: 'PREM-OPTIMUS', ip: '192.168.1.101', os.name: 'Windows 10', os.arch: 'x86', os.version: '10.0', java.version: '1.8.0_311'Driver info: driver.version: ChromeDriverat org.openqa.selenium.remote.http.netty.NettyWebSocket.<init>(NettyWebSocket.java:104)at org.openqa.selenium.remote.http.netty.NettyWebSocket.lambda$create$3(NettyWebSocket.java:137)at org.openqa.selenium.remote.http.netty.NettyClient.openSocket(NettyClient.java:116)at org.openqa.selenium.devtools.Connection.<init>(Connection.java:77)at org.openqa.selenium.chromium.ChromiumDriver.lambda$new$2(ChromiumDriver.java:124)at java.util.Optional.map(Optional.java:215)at org.openqa.selenium.chromium.ChromiumDriver.<init>(ChromiumDriver.java:122)at org.openqa.selenium.chrome.ChromeDriver.<init>(ChromeDriver.java:104)at org.openqa.selenium.chrome.ChromeDriver.<init>(ChromeDriver.java:91)at org.openqa.selenium.chrome.ChromeDriver.<init>(ChromeDriver.java:46)at pack1.BaseTest.launch(BaseTest.java:87)at pack1.CheckBox1.beforeMethod(CheckBox1.java:29)... Removed 28 stack frames]]>
    </failure>
  </testcase> <!-- @BeforeMethod beforeMethod -->
  <testcase name="@AfterMethod afterMethod" time="0.0" classname="pack1.CheckBox1">
    <skipped/>
  </testcase> <!-- @AfterMethod afterMethod -->
  <testcase name="@BeforeMethod startprocess" time="0.0" classname="pack1.TNG_001">
    <failure type="org.testng.TestNGException" message="
Can inject only one of &amp;lt;ITestContext, XmlTest, Method, Object[], ITestResult&amp;gt; into a @BeforeMethod annotated startprocess.
For more information on native dependency injection please refer to http://testng.org/doc/documentation-main.html#native-dependency-injection">
      <![CDATA[org.testng.TestNGException: Can inject only one of <ITestContext, XmlTest, Method, Object[], ITestResult> into a @BeforeMethod annotated startprocess.For more information on native dependency injection please refer to http://testng.org/doc/documentation-main.html#native-dependency-injection... Removed 25 stack frames]]>
    </failure>
  </testcase> <!-- @BeforeMethod startprocess -->
  <testcase name="@AfterMethod endProcess" time="0.0" classname="pack1.TNG_001">
    <skipped/>
  </testcase> <!-- @AfterMethod endProcess -->
  <testcase name="@BeforeMethod beforeMethod" time="1.778" classname="pack1.RadioButton1">
    <failure type="org.openqa.selenium.remote.http.ConnectionFailedException" message="Unable to establish websocket connection to http://localhost:59632/devtools/browser/d9fcf08f-bd43-4863-8f23-a35ae8a6b738
Build info: version: &amp;apos;4.1.0&amp;apos;, revision: &amp;apos;87802e897b&amp;apos;
System info: host: &amp;apos;PREM-OPTIMUS&amp;apos;, ip: &amp;apos;192.168.1.101&amp;apos;, os.name: &amp;apos;Windows 10&amp;apos;, os.arch: &amp;apos;x86&amp;apos;, os.version: &amp;apos;10.0&amp;apos;, java.version: &amp;apos;1.8.0_311&amp;apos;
Driver info: driver.version: ChromeDriver">
      <![CDATA[org.openqa.selenium.remote.http.ConnectionFailedException: Unable to establish websocket connection to http://localhost:59632/devtools/browser/d9fcf08f-bd43-4863-8f23-a35ae8a6b738Build info: version: '4.1.0', revision: '87802e897b'System info: host: 'PREM-OPTIMUS', ip: '192.168.1.101', os.name: 'Windows 10', os.arch: 'x86', os.version: '10.0', java.version: '1.8.0_311'Driver info: driver.version: ChromeDriverat org.openqa.selenium.remote.http.netty.NettyWebSocket.<init>(NettyWebSocket.java:104)at org.openqa.selenium.remote.http.netty.NettyWebSocket.lambda$create$3(NettyWebSocket.java:137)at org.openqa.selenium.remote.http.netty.NettyClient.openSocket(NettyClient.java:116)at org.openqa.selenium.devtools.Connection.<init>(Connection.java:77)at org.openqa.selenium.chromium.ChromiumDriver.lambda$new$2(ChromiumDriver.java:124)at java.util.Optional.map(Optional.java:215)at org.openqa.selenium.chromium.ChromiumDriver.<init>(ChromiumDriver.java:122)at org.openqa.selenium.chrome.ChromeDriver.<init>(ChromeDriver.java:104)at org.openqa.selenium.chrome.ChromeDriver.<init>(ChromeDriver.java:91)at org.openqa.selenium.chrome.ChromeDriver.<init>(ChromeDriver.java:46)at pack1.BaseTest.launch(BaseTest.java:87)at pack1.RadioButton1.beforeMethod(RadioButton1.java:29)... Removed 28 stack frames]]>
    </failure>
  </testcase> <!-- @BeforeMethod beforeMethod -->
  <testcase name="@AfterMethod afterMethod" time="0.0" classname="pack1.RadioButton1">
    <skipped/>
  </testcase> <!-- @AfterMethod afterMethod -->
  <testcase name="@BeforeMethod setup" time="1.677" classname="pack1.LinksTesting1">
    <failure type="org.openqa.selenium.remote.http.ConnectionFailedException" message="Unable to establish websocket connection to http://localhost:59644/devtools/browser/1d1c182f-6dda-42d8-8cd5-4c81db17df6f
Build info: version: &amp;apos;4.1.0&amp;apos;, revision: &amp;apos;87802e897b&amp;apos;
System info: host: &amp;apos;PREM-OPTIMUS&amp;apos;, ip: &amp;apos;192.168.1.101&amp;apos;, os.name: &amp;apos;Windows 10&amp;apos;, os.arch: &amp;apos;x86&amp;apos;, os.version: &amp;apos;10.0&amp;apos;, java.version: &amp;apos;1.8.0_311&amp;apos;
Driver info: driver.version: ChromeDriver">
      <![CDATA[org.openqa.selenium.remote.http.ConnectionFailedException: Unable to establish websocket connection to http://localhost:59644/devtools/browser/1d1c182f-6dda-42d8-8cd5-4c81db17df6fBuild info: version: '4.1.0', revision: '87802e897b'System info: host: 'PREM-OPTIMUS', ip: '192.168.1.101', os.name: 'Windows 10', os.arch: 'x86', os.version: '10.0', java.version: '1.8.0_311'Driver info: driver.version: ChromeDriverat org.openqa.selenium.remote.http.netty.NettyWebSocket.<init>(NettyWebSocket.java:104)at org.openqa.selenium.remote.http.netty.NettyWebSocket.lambda$create$3(NettyWebSocket.java:137)at org.openqa.selenium.remote.http.netty.NettyClient.openSocket(NettyClient.java:116)at org.openqa.selenium.devtools.Connection.<init>(Connection.java:77)at org.openqa.selenium.chromium.ChromiumDriver.lambda$new$2(ChromiumDriver.java:124)at java.util.Optional.map(Optional.java:215)at org.openqa.selenium.chromium.ChromiumDriver.<init>(ChromiumDriver.java:122)at org.openqa.selenium.chrome.ChromeDriver.<init>(ChromeDriver.java:104)at org.openqa.selenium.chrome.ChromeDriver.<init>(ChromeDriver.java:91)at org.openqa.selenium.chrome.ChromeDriver.<init>(ChromeDriver.java:46)at pack1.BaseTest.launch(BaseTest.java:87)at pack1.LinksTesting1.setup(LinksTesting1.java:28)... Removed 28 stack frames]]>
    </failure>
  </testcase> <!-- @BeforeMethod setup -->
  <testcase name="@AfterMethod tearDown" time="0.0" classname="pack1.LinksTesting1">
    <skipped/>
  </testcase> <!-- @AfterMethod tearDown -->
  <testcase name="checkboxTest" time="0.0" classname="pack1.CheckBox1">
    <skipped/>
  </testcase> <!-- checkboxTest -->
  <testcase name="amazon" time="0.0" classname="pack1.TNG_001">
    <skipped/>
  </testcase> <!-- amazon -->
  <testcase name="radioButtonTest" time="0.0" classname="pack1.RadioButton1">
    <skipped/>
  </testcase> <!-- radioButtonTest -->
  <testcase name="linktesting1" time="0.0" classname="pack1.LinksTesting1">
    <skipped/>
  </testcase> <!-- linktesting1 -->
</testsuite> <!-- ChromeTest -->
