<?xml version="1.0" encoding="UTF-8"?>
<!-- Generated by org.testng.reporters.JUnitXMLReporter -->
<testsuite hostname="PREM-OPTIMUS" ignored="0" name="FirefoxTest" tests="4" failures="0" timestamp="19 Apr 2024 14:41:50 GMT" time="18.062" errors="0">
  <testcase name="@BeforeMethod beforeMethod" time="7.758" classname="pack1.CheckBox1">
    <failure type="java.lang.NullPointerException" message="null value in entry: url=null">
      <![CDATA[java.lang.NullPointerException: null value in entry: url=nullat com.google.common.collect.CollectPreconditions.checkEntryNotNull(CollectPreconditions.java:33)at com.google.common.collect.SingletonImmutableBiMap.<init>(SingletonImmutableBiMap.java:43)at com.google.common.collect.ImmutableBiMap.of(ImmutableBiMap.java:81)at com.google.common.collect.ImmutableMap.of(ImmutableMap.java:126)at org.openqa.selenium.remote.DriverCommand.GET(DriverCommand.java:76)at org.openqa.selenium.remote.RemoteWebDriver.get(RemoteWebDriver.java:328)at pack1.BaseTest.navigateUrl(BaseTest.java:99)at pack1.CheckBox1.beforeMethod(CheckBox1.java:32)... Removed 28 stack frames]]>
    </failure>
  </testcase> <!-- @BeforeMethod beforeMethod -->
  <testcase name="@AfterMethod afterMethod" time="0.0" classname="pack1.CheckBox1">
    <skipped/>
  </testcase> <!-- @AfterMethod afterMethod -->
  <testcase name="@BeforeMethod startprocess" time="0.0" classname="pack1.TNG_001">
    <failure type="org.testng.TestNGException" message="
Can inject only one of &amp;lt;ITestContext, XmlTest, Method, Object[], ITestResult&amp;gt; into a @BeforeMethod annotated startprocess.
For more information on native dependency injection please refer to http://testng.org/doc/documentation-main.html#native-dependency-injection">
      <![CDATA[org.testng.TestNGException: Can inject only one of <ITestContext, XmlTest, Method, Object[], ITestResult> into a @BeforeMethod annotated startprocess.For more information on native dependency injection please refer to http://testng.org/doc/documentation-main.html#native-dependency-injection... Removed 25 stack frames]]>
    </failure>
  </testcase> <!-- @BeforeMethod startprocess -->
  <testcase name="@AfterMethod endProcess" time="0.0" classname="pack1.TNG_001">
    <skipped/>
  </testcase> <!-- @AfterMethod endProcess -->
  <testcase name="@BeforeMethod beforeMethod" time="5.129" classname="pack1.RadioButton1">
    <failure type="java.lang.NullPointerException" message="null value in entry: url=null">
      <![CDATA[java.lang.NullPointerException: null value in entry: url=nullat com.google.common.collect.CollectPreconditions.checkEntryNotNull(CollectPreconditions.java:33)at com.google.common.collect.SingletonImmutableBiMap.<init>(SingletonImmutableBiMap.java:43)at com.google.common.collect.ImmutableBiMap.of(ImmutableBiMap.java:81)at com.google.common.collect.ImmutableMap.of(ImmutableMap.java:126)at org.openqa.selenium.remote.DriverCommand.GET(DriverCommand.java:76)at org.openqa.selenium.remote.RemoteWebDriver.get(RemoteWebDriver.java:328)at pack1.BaseTest.navigateUrl(BaseTest.java:99)at pack1.RadioButton1.beforeMethod(RadioButton1.java:32)... Removed 28 stack frames]]>
    </failure>
  </testcase> <!-- @BeforeMethod beforeMethod -->
  <testcase name="@AfterMethod afterMethod" time="0.0" classname="pack1.RadioButton1">
    <skipped/>
  </testcase> <!-- @AfterMethod afterMethod -->
  <testcase name="@BeforeMethod setup" time="5.116" classname="pack1.LinksTesting1">
    <failure type="java.lang.NullPointerException" message="null value in entry: url=null">
      <![CDATA[java.lang.NullPointerException: null value in entry: url=nullat com.google.common.collect.CollectPreconditions.checkEntryNotNull(CollectPreconditions.java:33)at com.google.common.collect.SingletonImmutableBiMap.<init>(SingletonImmutableBiMap.java:43)at com.google.common.collect.ImmutableBiMap.of(ImmutableBiMap.java:81)at com.google.common.collect.ImmutableMap.of(ImmutableMap.java:126)at org.openqa.selenium.remote.DriverCommand.GET(DriverCommand.java:76)at org.openqa.selenium.remote.RemoteWebDriver.get(RemoteWebDriver.java:328)at pack1.BaseTest.navigateUrl(BaseTest.java:99)at pack1.LinksTesting1.setup(LinksTesting1.java:31)... Removed 28 stack frames]]>
    </failure>
  </testcase> <!-- @BeforeMethod setup -->
  <testcase name="@AfterMethod tearDown" time="0.0" classname="pack1.LinksTesting1">
    <skipped/>
  </testcase> <!-- @AfterMethod tearDown -->
  <testcase name="checkboxTest" time="0.0" classname="pack1.CheckBox1">
    <skipped/>
  </testcase> <!-- checkboxTest -->
  <testcase name="amazon" time="0.0" classname="pack1.TNG_001">
    <skipped/>
  </testcase> <!-- amazon -->
  <testcase name="radioButtonTest" time="0.0" classname="pack1.RadioButton1">
    <skipped/>
  </testcase> <!-- radioButtonTest -->
  <testcase name="linktesting1" time="0.0" classname="pack1.LinksTesting1">
    <skipped/>
  </testcase> <!-- linktesting1 -->
</testsuite> <!-- FirefoxTest -->
