<?xml version="1.0" encoding="UTF-8"?>
<!-- Generated by org.testng.reporters.JUnitReportReporter -->
<testsuite skipped="0" hostname="PREM-OPTIMUS" name="org.tests.Iframes" tests="1" failures="1" timestamp="06 Aug 2023 03:44:35 GMT" time="14.979" errors="0">
  <testcase name="frameTest" time="14.979" classname="org.tests.Iframes">
    <failure type="com.codeborne.selenide.ex.ElementNotFound" message="Element not found {By.xpath: (//div[@class=&#039;pic_holder&#039;])[2]}
Expected: clickable: interactable and enabled
Screenshot: file:/E:/march%20automation/selenium/june/SelenideSessions/build/reports/tests/1691293474976.0.png
Page source: file:/E:/march%20automation/selenium/june/SelenideSessions/build/reports/tests/1691293474976.0.html
Timeout: 4 s.
Caused by: NoSuchElementException: no such element: Unable to locate element: {&quot;method&quot;:&quot;xpath&quot;,&quot;selector&quot;:&quot;(//div[@class=&#039;pic_holder&#039;])[2]&quot;}">
      <![CDATA[Element not found {By.xpath: (//div[@class='pic_holder'])[2]}
Expected: clickable: interactable and enabled
Screenshot: file:/E:/march%20automation/selenium/june/SelenideSessions/build/reports/tests/1691293474976.0.png
Page source: file:/E:/march%20automation/selenium/june/SelenideSessions/build/reports/tests/1691293474976.0.html
Timeout: 4 s.
Caused by: NoSuchElementException: no such element: Unable to locate element: {"method":"xpath","selector":"(//div[@class='pic_holder'])[2]"}
at com.codeborne.selenide.impl.WebElementSource.createElementNotFoundError(WebElementSource.java:91)
at com.codeborne.selenide.impl.ElementFinder.createElementNotFoundError(ElementFinder.java:142)
at com.codeborne.selenide.impl.WebElementSource.handleError(WebElementSource.java:143)
at com.codeborne.selenide.impl.WebElementSource.checkConditionAndReturnElement(WebElementSource.java:127)
at com.codeborne.selenide.impl.WebElementSource.findAndAssertElementIsClickable(WebElementSource.java:173)
at com.codeborne.selenide.commands.Click.findElement(Click.java:46)
at com.codeborne.selenide.commands.Click.execute(Click.java:28)
at com.codeborne.selenide.commands.Click.execute(Click.java:21)
at com.codeborne.selenide.commands.Commands.execute(Commands.java:163)
at com.codeborne.selenide.impl.SelenideElementProxy.dispatchAndRetry(SelenideElementProxy.java:132)
at com.codeborne.selenide.impl.SelenideElementProxy.invoke(SelenideElementProxy.java:84)
at com.sun.proxy.$Proxy9.click(Unknown Source)
at org.tests.Iframes.frameTest(Iframes.java:18)
at sun.reflect.NativeMethodAccessorImpl.invoke0(Native Method)
at sun.reflect.NativeMethodAccessorImpl.invoke(NativeMethodAccessorImpl.java:62)
at sun.reflect.DelegatingMethodAccessorImpl.invoke(DelegatingMethodAccessorImpl.java:43)
at java.lang.reflect.Method.invoke(Method.java:498)
at org.testng.internal.MethodInvocationHelper.invokeMethod(MethodInvocationHelper.java:124)
at org.testng.internal.Invoker.invokeMethod(Invoker.java:583)
at org.testng.internal.Invoker.invokeTestMethod(Invoker.java:719)
at org.testng.internal.Invoker.invokeTestMethods(Invoker.java:989)
at org.testng.internal.TestMethodWorker.invokeTestMethods(TestMethodWorker.java:125)
at org.testng.internal.TestMethodWorker.run(TestMethodWorker.java:109)
at org.testng.TestRunner.privateRun(TestRunner.java:648)
at org.testng.TestRunner.run(TestRunner.java:505)
at org.testng.SuiteRunner.runTest(SuiteRunner.java:455)
at org.testng.SuiteRunner.runSequentially(SuiteRunner.java:450)
at org.testng.SuiteRunner.privateRun(SuiteRunner.java:415)
at org.testng.SuiteRunner.run(SuiteRunner.java:364)
at org.testng.SuiteRunnerWorker.runSuite(SuiteRunnerWorker.java:52)
at org.testng.SuiteRunnerWorker.run(SuiteRunnerWorker.java:84)
at org.testng.TestNG.runSuitesSequentially(TestNG.java:1208)
at org.testng.TestNG.runSuitesLocally(TestNG.java:1137)
at org.testng.TestNG.runSuites(TestNG.java:1049)
at org.testng.TestNG.run(TestNG.java:1017)
at org.testng.remote.AbstractRemoteTestNG.run(AbstractRemoteTestNG.java:114)
at org.testng.remote.RemoteTestNG.initAndRun(RemoteTestNG.java:251)
at org.testng.remote.RemoteTestNG.main(RemoteTestNG.java:77)
Caused by: org.openqa.selenium.NoSuchElementException: no such element: Unable to locate element: {"method":"xpath","selector":"(//div[@class='pic_holder'])[2]"}
  (Session info: chrome=115.0.5790.170)
For documentation on this error, please visit: https://www.selenium.dev/documentation/webdriver/troubleshooting/errors#no-such-element-exception
Build info: version: '4.11.0', revision: '040bc5406b'
System info: os.name: 'Windows 10', os.arch: 'x86', os.version: '10.0', java.version: '1.8.0_311'
Driver info: org.openqa.selenium.chrome.ChromeDriver
Command: [2d8c42ce4753845a7715def59b5114e5, findElement {using=xpath, value=(//div[@class='pic_holder'])[2]}]
Capabilities {acceptInsecureCerts: true, browserName: chrome, browserVersion: 115.0.5790.170, chrome: {chromedriverVersion: 115.0.5790.170 (cc0d30c2ca5..., userDataDir: C:\Users\Prem\AppData\Local...}, goog:chromeOptions: {debuggerAddress: localhost:50383}, networkConnectionEnabled: false, pageLoadStrategy: normal, platformName: windows, proxy: Proxy(), se:cdp: ws://localhost:50383/devtoo..., se:cdpVersion: 115.0.5790.170, setWindowRect: true, strictFileInteractability: false, timeouts: {implicit: 0, pageLoad: 300000, script: 30000}, unhandledPromptBehavior: accept, webauthn:extension:credBlob: true, webauthn:extension:largeBlob: true, webauthn:extension:minPinLength: true, webauthn:extension:prf: true, webauthn:virtualAuthenticators: true}
Session ID: 2d8c42ce4753845a7715def59b5114e5
at sun.reflect.NativeConstructorAccessorImpl.newInstance0(Native Method)
at sun.reflect.NativeConstructorAccessorImpl.newInstance(NativeConstructorAccessorImpl.java:62)
at sun.reflect.DelegatingConstructorAccessorImpl.newInstance(DelegatingConstructorAccessorImpl.java:45)
at java.lang.reflect.Constructor.newInstance(Constructor.java:423)
at org.openqa.selenium.remote.codec.w3c.W3CHttpResponseCodec.createException(W3CHttpResponseCodec.java:200)
at org.openqa.selenium.remote.codec.w3c.W3CHttpResponseCodec.decode(W3CHttpResponseCodec.java:133)
at org.openqa.selenium.remote.codec.w3c.W3CHttpResponseCodec.decode(W3CHttpResponseCodec.java:52)
at org.openqa.selenium.remote.HttpCommandExecutor.execute(HttpCommandExecutor.java:191)
at org.openqa.selenium.remote.service.DriverCommandExecutor.invokeExecute(DriverCommandExecutor.java:196)
at org.openqa.selenium.remote.service.DriverCommandExecutor.execute(DriverCommandExecutor.java:171)
at org.openqa.selenium.remote.RemoteWebDriver.execute(RemoteWebDriver.java:518)
at org.openqa.selenium.remote.ElementLocation$ElementFinder$2.findElement(ElementLocation.java:165)
at org.openqa.selenium.remote.ElementLocation.findElement(ElementLocation.java:59)
at org.openqa.selenium.remote.RemoteWebDriver.findElement(RemoteWebDriver.java:355)
at org.openqa.selenium.remote.RemoteWebDriver.findElement(RemoteWebDriver.java:349)
at com.codeborne.selenide.impl.WebElementSelector.findElement(WebElementSelector.java:70)
at com.codeborne.selenide.impl.WebElementSelector.findElement(WebElementSelector.java:44)
at com.codeborne.selenide.impl.WebElementSelector.findElement(WebElementSelector.java:33)
at com.codeborne.selenide.impl.ElementFinder.getWebElement(ElementFinder.java:122)
at com.codeborne.selenide.impl.WebElementSource.checkConditionAndReturnElement(WebElementSource.java:116)
... 34 more
]]>
    </failure>
  </testcase> <!-- frameTest -->
</testsuite> <!-- org.tests.Iframes -->
